2018-05-08 14:30:43: Comparing C:/synced_github/emacs/verilog-ext-minor-mode.el to //cot/ynissani/emacs/verilog-ext-minor-mode.el
2018-05-08 14:30:43: Compare: diff "C:\synced_github\emacs\verilog-ext-minor-mode.el" "\\cot\ynissani\emacs\verilog-ext-minor-mode.el"
2018-05-08 14:30:43: ===== Done =====
2018-05-08 14:30:43: 
2018-05-08 14:30:57: === User Changed Action from 'CONFLICT' to 'COPY_FILE_RTOL' on item /verilog-ext-minor-mode.el
2018-05-08 14:30:57: Done.
2018-05-08 14:31:43: == Sync Started by User Command
2018-05-08 14:31:46: Create Folder 'C:/synced_github/emacs/company-mode'
2018-05-08 14:31:46: Create Folder 'C:/synced_github/emacs/company-mode/test'
2018-05-08 14:31:47: Create Folder 'C:/synced_github/emacs/moe-theme.el'
2018-05-08 14:31:47: Create Folder 'C:/synced_github/emacs/moe-theme.el/pics'
2018-05-08 14:31:49: Copy Over '//cot/ynissani/emacs/.emacs' -> 'C:/synced_github/emacs/.emacs' (5,701) (User Action)
2018-05-08 14:31:51: Copy New '//cot/ynissani/emacs/company-mode/.dir-locals.el' -> 'C:/synced_github/emacs/company-mode/.dir-locals.el' (159)
2018-05-08 14:31:54: Copy New '//cot/ynissani/emacs/company-mode/.elpaignore' -> 'C:/synced_github/emacs/company-mode/.elpaignore' (59)
2018-05-08 14:31:56: Copy New '//cot/ynissani/emacs/company-mode/.travis.yml' -> 'C:/synced_github/emacs/company-mode/.travis.yml' (591)
2018-05-08 14:31:58: Copy New '//cot/ynissani/emacs/company-mode/company-abbrev.el' -> 'C:/synced_github/emacs/company-mode/company-abbrev.el' (1,673)
2018-05-08 14:32:00: Copy New '//cot/ynissani/emacs/company-mode/company-bbdb.el' -> 'C:/synced_github/emacs/company-mode/company-bbdb.el' (2,312)
2018-05-08 14:32:02: Copy New '//cot/ynissani/emacs/company-mode/company-capf.el' -> 'C:/synced_github/emacs/company-mode/company-capf.el' (8,051)
2018-05-08 14:32:04: Copy New '//cot/ynissani/emacs/company-mode/company-clang.el' -> 'C:/synced_github/emacs/company-mode/company-clang.el' (13,850)
2018-05-08 14:32:06: Copy New '//cot/ynissani/emacs/company-mode/company-cmake.el' -> 'C:/synced_github/emacs/company-mode/company-cmake.el' (7,867)
2018-05-08 14:32:08: Copy New '//cot/ynissani/emacs/company-mode/company-css.el' -> 'C:/synced_github/emacs/company-mode/company-css.el' (20,138)
2018-05-08 14:32:10: Copy New '//cot/ynissani/emacs/company-mode/company-dabbrev-code.el' -> 'C:/synced_github/emacs/company-mode/company-dabbrev-code.el' (4,264)
2018-05-08 14:32:12: Copy New '//cot/ynissani/emacs/company-mode/company-dabbrev.el' -> 'C:/synced_github/emacs/company-mode/company-dabbrev.el' (8,824)
2018-05-08 14:32:14: Copy New '//cot/ynissani/emacs/company-mode/company-eclim.el' -> 'C:/synced_github/emacs/company-mode/company-eclim.el' (7,338)
2018-05-08 14:32:16: Copy New '//cot/ynissani/emacs/company-mode/company-elisp.el' -> 'C:/synced_github/emacs/company-mode/company-elisp.el' (8,804)
2018-05-08 14:32:18: Copy New '//cot/ynissani/emacs/company-mode/company-etags.el' -> 'C:/synced_github/emacs/company-mode/company-etags.el' (4,134)
2018-05-08 14:32:20: Copy New '//cot/ynissani/emacs/company-mode/company-files.el' -> 'C:/synced_github/emacs/company-mode/company-files.el' (6,218)
2018-05-08 14:32:22: Copy New '//cot/ynissani/emacs/company-mode/company-gtags.el' -> 'C:/synced_github/emacs/company-mode/company-gtags.el' (4,504)
2018-05-08 14:32:25: Copy New '//cot/ynissani/emacs/company-mode/company-ispell.el' -> 'C:/synced_github/emacs/company-mode/company-ispell.el' (2,643)
2018-05-08 14:32:27: Copy New '//cot/ynissani/emacs/company-mode/company-keywords.el' -> 'C:/synced_github/emacs/company-mode/company-keywords.el' (17,407)
2018-05-08 14:32:29: Copy New '//cot/ynissani/emacs/company-mode/company-nxml.el' -> 'C:/synced_github/emacs/company-mode/company-nxml.el' (5,840)
2018-05-08 14:32:31: Copy New '//cot/ynissani/emacs/company-mode/company-oddmuse.el' -> 'C:/synced_github/emacs/company-mode/company-oddmuse.el' (2,103)
2018-05-08 14:32:32: Copy New '//cot/ynissani/emacs/company-mode/company-semantic.el' -> 'C:/synced_github/emacs/company-mode/company-semantic.el' (6,984)
2018-05-08 14:32:34: Copy New '//cot/ynissani/emacs/company-mode/company-template.el' -> 'C:/synced_github/emacs/company-mode/company-template.el' (10,634)
2018-05-08 14:32:36: Copy New '//cot/ynissani/emacs/company-mode/company-tempo.el' -> 'C:/synced_github/emacs/company-mode/company-tempo.el' (2,307)
2018-05-08 14:32:38: Copy New '//cot/ynissani/emacs/company-mode/company-tests.el' -> 'C:/synced_github/emacs/company-mode/company-tests.el' (1,437)
2018-05-08 14:32:40: Copy New '//cot/ynissani/emacs/company-mode/company-tng.el' -> 'C:/synced_github/emacs/company-mode/company-tng.el' (7,314)
2018-05-08 14:32:42: Copy New '//cot/ynissani/emacs/company-mode/company-xcode.el' -> 'C:/synced_github/emacs/company-mode/company-xcode.el' (4,862)
2018-05-08 14:32:44: Copy New '//cot/ynissani/emacs/company-mode/company-yasnippet.el' -> 'C:/synced_github/emacs/company-mode/company-yasnippet.el' (5,664)
2018-05-08 14:32:47: Copy New '//cot/ynissani/emacs/company-mode/company.el' -> 'C:/synced_github/emacs/company-mode/company.el' (130,778)
2018-05-08 14:32:49: Copy New '//cot/ynissani/emacs/company-mode/Makefile' -> 'C:/synced_github/emacs/company-mode/Makefile' (920)
2018-05-08 14:32:52: Copy New '//cot/ynissani/emacs/company-mode/NEWS.md' -> 'C:/synced_github/emacs/company-mode/NEWS.md' (19,326)
2018-05-08 14:32:53: Copy New '//cot/ynissani/emacs/company-mode/README.md' -> 'C:/synced_github/emacs/company-mode/README.md' (299)
2018-05-08 14:32:55: Copy New '//cot/ynissani/emacs/company-mode/test/all.el' -> 'C:/synced_github/emacs/company-mode/test/all.el' (1,049)
2018-05-08 14:32:57: Copy New '//cot/ynissani/emacs/company-mode/test/async-tests.el' -> 'C:/synced_github/emacs/company-mode/test/async-tests.el' (10,802)
2018-05-08 14:32:59: Copy New '//cot/ynissani/emacs/company-mode/test/bbdb-tests.el' -> 'C:/synced_github/emacs/company-mode/test/bbdb-tests.el' (1,614)
2018-05-08 14:33:01: Copy New '//cot/ynissani/emacs/company-mode/test/clang-tests.el' -> 'C:/synced_github/emacs/company-mode/test/clang-tests.el' (2,076)
2018-05-08 14:33:03: Copy New '//cot/ynissani/emacs/company-mode/test/cmake-tests.el' -> 'C:/synced_github/emacs/company-mode/test/cmake-tests.el' (1,709)
2018-05-08 14:33:06: Copy New '//cot/ynissani/emacs/company-mode/test/core-tests.el' -> 'C:/synced_github/emacs/company-mode/test/core-tests.el' (22,365)
2018-05-08 14:33:08: Copy New '//cot/ynissani/emacs/company-mode/test/elisp-tests.el' -> 'C:/synced_github/emacs/company-mode/test/elisp-tests.el' (6,735)
2018-05-08 14:33:09: Copy New '//cot/ynissani/emacs/company-mode/test/files-tests.el' -> 'C:/synced_github/emacs/company-mode/test/files-tests.el' (1,978)
2018-05-08 14:33:12: Copy New '//cot/ynissani/emacs/company-mode/test/frontends-tests.el' -> 'C:/synced_github/emacs/company-mode/test/frontends-tests.el' (17,404)
2018-05-08 14:33:14: Copy New '//cot/ynissani/emacs/company-mode/test/keywords-tests.el' -> 'C:/synced_github/emacs/company-mode/test/keywords-tests.el' (1,274)
2018-05-08 14:33:16: Copy New '//cot/ynissani/emacs/company-mode/test/template-tests.el' -> 'C:/synced_github/emacs/company-mode/test/template-tests.el' (6,653)
2018-05-08 14:33:17: Copy New '//cot/ynissani/emacs/company-mode/test/transformers-tests.el' -> 'C:/synced_github/emacs/company-mode/test/transformers-tests.el' (2,035)
2018-05-08 14:33:19: Copy Over '//cot/ynissani/emacs/fic-mode.el' -> 'C:/synced_github/emacs/fic-mode.el' (4,284) (User Action)
2018-05-08 14:33:21: Copy Over '//cot/ynissani/emacs/function-pool.el' -> 'C:/synced_github/emacs/function-pool.el' (7,016) (User Action)
2018-05-08 14:33:23: Copy New '//cot/ynissani/emacs/function-pool.el_backup_keymap_non_conditional' -> 'C:/synced_github/emacs/function-pool.el_backup_keymap_non_conditional' (7,016)
2018-05-08 14:33:26: Copy New '//cot/ynissani/emacs/moe-theme.el/LICENSE' -> 'C:/synced_github/emacs/moe-theme.el/LICENSE' (35,821)
2018-05-08 14:33:28: Copy New '//cot/ynissani/emacs/moe-theme.el/moe-dark-theme.el' -> 'C:/synced_github/emacs/moe-theme.el/moe-dark-theme.el' (60,554)
2018-05-08 14:33:31: Copy New '//cot/ynissani/emacs/moe-theme.el/moe-light-theme.el' -> 'C:/synced_github/emacs/moe-theme.el/moe-light-theme.el' (61,872)
2018-05-08 14:33:33: Copy New '//cot/ynissani/emacs/moe-theme.el/moe-theme-pkg.el' -> 'C:/synced_github/emacs/moe-theme.el/moe-theme-pkg.el' (144)
2018-05-08 14:33:35: Copy New '//cot/ynissani/emacs/moe-theme.el/moe-theme-switcher.el' -> 'C:/synced_github/emacs/moe-theme.el/moe-theme-switcher.el' (5,401)
2018-05-08 14:33:37: Copy New '//cot/ynissani/emacs/moe-theme.el/moe-theme.el' -> 'C:/synced_github/emacs/moe-theme.el/moe-theme.el' (26,886)
2018-05-08 14:33:40: Copy New '//cot/ynissani/emacs/moe-theme.el/pics/dark01.png' -> 'C:/synced_github/emacs/moe-theme.el/pics/dark01.png' (245,608)
2018-05-08 14:33:43: Copy New '//cot/ynissani/emacs/moe-theme.el/pics/dark02.png' -> 'C:/synced_github/emacs/moe-theme.el/pics/dark02.png' (205,492)
2018-05-08 14:33:46: Copy New '//cot/ynissani/emacs/moe-theme.el/pics/dark03.png' -> 'C:/synced_github/emacs/moe-theme.el/pics/dark03.png' (304,346)
2018-05-08 14:33:49: Copy New '//cot/ynissani/emacs/moe-theme.el/pics/dark04.png' -> 'C:/synced_github/emacs/moe-theme.el/pics/dark04.png' (149,069)
2018-05-08 14:33:52: Copy New '//cot/ynissani/emacs/moe-theme.el/pics/dark05.png' -> 'C:/synced_github/emacs/moe-theme.el/pics/dark05.png' (239,609)
2018-05-08 14:33:55: Copy New '//cot/ynissani/emacs/moe-theme.el/pics/light01.png' -> 'C:/synced_github/emacs/moe-theme.el/pics/light01.png' (248,173)
2018-05-08 14:33:58: Copy New '//cot/ynissani/emacs/moe-theme.el/pics/light02.png' -> 'C:/synced_github/emacs/moe-theme.el/pics/light02.png' (200,662)
2018-05-08 14:34:01: Copy New '//cot/ynissani/emacs/moe-theme.el/pics/light03.png' -> 'C:/synced_github/emacs/moe-theme.el/pics/light03.png' (296,917)
2018-05-08 14:34:05: Copy New '//cot/ynissani/emacs/moe-theme.el/pics/light04.png' -> 'C:/synced_github/emacs/moe-theme.el/pics/light04.png' (143,344)
2018-05-08 14:34:08: Copy New '//cot/ynissani/emacs/moe-theme.el/pics/light05.png' -> 'C:/synced_github/emacs/moe-theme.el/pics/light05.png' (233,488)
2018-05-08 14:34:11: Copy New '//cot/ynissani/emacs/moe-theme.el/pics/mode-line-preview.png' -> 'C:/synced_github/emacs/moe-theme.el/pics/mode-line-preview.png' (97,698)
2018-05-08 14:34:14: Copy New '//cot/ynissani/emacs/moe-theme.el/pics/moe-theme.png' -> 'C:/synced_github/emacs/moe-theme.el/pics/moe-theme.png' (347,703)
2018-05-08 14:34:16: Copy New '//cot/ynissani/emacs/moe-theme.el/README.md' -> 'C:/synced_github/emacs/moe-theme.el/README.md' (11,528)
2018-05-08 14:34:18: Copy Over '//cot/ynissani/emacs/README.md' -> 'C:/synced_github/emacs/README.md' (57) (User Action)
2018-05-08 14:34:20: Copy Over '//cot/ynissani/emacs/themes/afternoon-theme.el' -> 'C:/synced_github/emacs/themes/afternoon-theme.el' (34,307) (User Action)
2018-05-08 14:34:22: Copy Over '//cot/ynissani/emacs/verilog-ext-minor-mode.el' -> 'C:/synced_github/emacs/verilog-ext-minor-mode.el' (8,238) (User Action)
2018-05-08 14:34:26: == Sync Complete. Time: 00:02:45, Speed: 21.7 KB/s, OK: 74, Errors: 0
2018-05-08 14:34:31: 
